Connexion au serveur :
Connexion au serveur :
3D data sending : 202202091417059869
Infer_Result_Reception : 202202091417123864
Infer_Result_Reception : 202202091417166109
Connexion au serveur :
3D data sending : 202202091419259374
DL result received : 202202091419287529
3D data sending : 202202091419341525
DL result received : 202202091419397536
3D data sending : 202202091419433570
3D data sending : 202202091419493576
3D data sending : 202202091419531576
DL result received : 202202091419595585
DL result received : 202202091420041591
3D data sending : 202202091420087596
3D data sending : 202202091420135598
Infer_Result_Reception : 202202091420183598
DL result received : 202202091420235598
DL result received : 202202091420283604
Infer_Result_Reception : 202202091420301860
Connexion au serveur :
Connexion au serveur :
DL result received : 202202091506283994
04
3D data sending : 202202091506348023
48023
Infer_Result_Reception : 202202091506352023
3D data sending : 202202091507078154
78154
Connexion au serveur :
3D data sending : 202202091517331738
31738
3D data sending : 202202091517393773
93773
3D data sending : 202202091517455788
4
83
Infer_Result_Reception : 202202091517506845
DL result received : 202202091517508850
50
Connexion au serveur :
DL result received : 202202091533403042
42
3D data sending : 202202091533406942
2
DL result received : 202202091533406942
3D data sending : 202202091533410942
2
DL result received : 202202091533410942
3D data sending : 202202091533414942
2
3D data sending : 202202091533416952
2
3D data sending : 202202091533418962
2
DL result received : 202202091533418962
DL result received : 202202091533420994
DL result received : 202202091533422982
3D data sending : 202202091533426983
2
3D data sending : 202202091533428982
3
3D data sending : 202202091533430982
2
3D data sending : 202202091533432982
2
3D data sending : 202202091533434982
2
DL result received : 202202091533434982
DL result received : 202202091533488448
3D data sending : 202202091533499218
3
Connexion au serveur :
3D data sending : 202202091535248760
0
60
DL result received : 202202091535316776
76
DL result received : 202202091535348781
81
Connexion au serveur :
DL result received : 202202091600107198
98
DL result received : 202202091600123207
07
Infer_Result_Reception : 202202091600169228
Connexion au serveur :
Connexion au serveur :
Infer_Result_Reception : 202202091606302190
3D data sending : 202202091606318206
18206
3D data sending : 202202091606364225
64225
Connexion au serveur :
3D data sending : 202202091722448131
1
21
3D data sending : 202202091722474123
3
23
Infer_Result_Reception : 202202091722542135
DL result received : 202202091722566135
35
DL result received : 202202091722598140
53
DL result received : 202202091723074174
74
DL result received : 202202091723124179
79
3D data sending : 202202091723160197
2
02
3D data sending : 202202091723208208
08208
Infer_Result_Reception : 202202091723268234
Infer_Result_Reception : 202202091723310357
Connexion au serveur :
DL result received : 202202091728566087
62
Infer_Result_Reception : 202202091729008067
3D data sending : 202202091729102081
02081
Infer_Result_Reception : 202202091729110081
3D data sending : 202202091729190088
90088
3D data sending : 202202091729244100
44100
3D data sending : 202202091729288121
48102
DL result received : 202202091729336126
26
DL result received : 202202091729374134
34
3D data sending : 202202091729430146
30146
Infer_Result_Reception : 202202091729438136
3D data sending : 202202091729498146
98146
DL result received : 202202091729582154
62
3D data sending : 202202091729598164
98164
DL result received : 202202091730064165
65
Infer_Result_Reception : 202202091730086165
3D data sending : 202202091730130178
8
78
3D data sending : 202202091730178186
78186
DL result received : 202202091730242194
94
3D data sending : 202202091730276209
76209
3D data sending : 202202091730308677
7
77
Connexion au serveur :
DL result received : 202202091733142394
89
Infer_Result_Reception : 202202091733168384
DL result received : 202202091733250390
90
3D data sending : 202202091733284390
64390
3D data sending : 202202091733344400
44400
DL result received : 202202091733374405
05
3D data sending : 202202091733432426
32426
3D data sending : 202202091733438426
38426
3D data sending : 202202091733484445
84445
Infer_Result_Reception : 202202091733542456
DL result received : 202202091734010477
77
DL result received : 202202091734070504
75
DL result received : 202202091734116512
12
DL result received : 202202091734144510
10
Connexion au serveur :
DL result received : 202202091750376933
32
Infer_Result_Reception : 202202091750424953
Infer_Result_Reception : 202202091750464954
Infer_Result_Reception : 202202091750514954
DL result received : 202202091750564965
65
3D data sending : 202202091751010955
10955
Infer_Result_Reception : 202202091751066974
3D data sending : 202202091751111074
11074
3D data sending : 202202091751169072
69072
3D data sending : 202202091751175082
75082
DL result received : 202202091751275105
95
3D data sending : 202202091751277105
5
05
Infer_Result_Reception : 202202091751371113
3D data sending : 202202091751431123
31123
3D data sending : 202202091751455132
55132
DL result received : 202202091751485688
88
Connexion au serveur :
Infer_Result_Reception : 202202091808154659
3D data sending : 202202091808156689
3D data sending : 202202091808158659
9
3D data sending : 202202091808160654
9
3D data sending : 202202091808162654
4
3D data sending : 202202091808164679
4
3D data sending : 202202091808166669
9
Infer_Result_Reception : 202202091808166669
DL result received : 202202091808168674
3D data sending : 202202091808172670
9
3D data sending : 202202091808174684
0
70
3D data sending : 202202091808176684
4
3D data sending : 202202091808178689
4
3D data sending : 202202091808180684
9
Infer_Result_Reception : 202202091808180684
3D data sending : 202202091808184684
9
3D data sending : 202202091808186734
4
3D data sending : 202202091808188689
4
Infer_Result_Reception : 202202091808188689
3D data sending : 202202091808192704
4
3D data sending : 202202091808194734
4
Infer_Result_Reception : 202202091808194734
3D data sending : 202202091808198719
4
3D data sending : 202202091808200719
9
DL result received : 202202091808200719
Infer_Result_Reception : 202202091808202759
3D data sending : 202202091808206734
4
3D data sending : 202202091808208769
4
3D data sending : 202202091808210759
9
69
3D data sending : 202202091808212744
9
3D data sending : 202202091808214789
4
3D data sending : 202202091808216794
9
3D data sending : 202202091808218784
4
94
3D data sending : 202202091808220754
4
DL result received : 202202091808220754
3D data sending : 202202091808224755
4
55
Infer_Result_Reception : 202202091808224755
3D data sending : 202202091808228764
9
DL result received : 202202091808228764
DL result received : 202202091808230804
04
3D data sending : 202202091808234769
4
DL result received : 202202091808234769
3D data sending : 202202091808238814
9
Infer_Result_Reception : 202202091808238814
3D data sending : 202202091808242819
4
3D data sending : 202202091808244854
9
3D data sending : 202202091808246839
4
Infer_Result_Reception : 202202091808246839
DL result received : 202202091808248819
3D data sending : 202202091808252814
4
Infer_Result_Reception : 202202091808252814
3D data sending : 202202091808256839
9
3D data sending : 202202091808258814
9
3D data sending : 202202091808260819
4
Infer_Result_Reception : 202202091808260819
3D data sending : 202202091808264819
9
3D data sending : 202202091808266829
9
Infer_Result_Reception : 202202091808266829
3D data sending : 202202091808270900
4
3D data sending : 202202091808272884
0
3D data sending : 202202091808274884
4
Infer_Result_Reception : 202202091808274884
3D data sending : 202202091808278889
9
3D data sending : 202202091808280874
9
Infer_Result_Reception : 202202091808280874
3D data sending : 202202091808284884
9
3D data sending : 202202091808286894
4
3D data sending : 202202091808288929
4
Infer_Result_Reception : 202202091808288929
3D data sending : 202202091808292919
9
3D data sending : 202202091808294909
9
3D data sending : 202202091808296904
9
09
3D data sending : 202202091808298919
4
3D data sending : 202202091808300925
9
3D data sending : 202202091808302934
5
3D data sending : 202202091808304919
4
34
3D data sending : 202202091808306959
9
3D data sending : 202202091808308924
9
3D data sending : 202202091808310919
4
Infer_Result_Reception : 202202091808310919
DL result received : 202202091808312919
3D data sending : 202202091808316934
9
Infer_Result_Reception : 202202091808316934
Infer_Result_Reception : 202202091808318929
ata sending : 202202091808320929
3D data sending : 202202091808322989
9
3D data sending : 202202091808324929
9
Infer_Result_Reception : 202202091808324929
DL result received : 202202091808326929
DL result received : 202202091808329005
3D data sending : 202202091808332944
7
Infer_Result_Reception : 202202091808332944
DL result received : 202202091808334944
3D data sending : 202202091808338974
4
DL result received : 202202091808338974
74
3D data sending : 202202091808342984
5
3D data sending : 202202091808345004
4
DL result received : 202202091808345004
49
Infer_Result_Reception : 202202091808346949
3D data sending : 202202091808350949
9
3D data sending : 202202091808352952
9
3D data sending : 202202091808354962
2
52
3D data sending : 202202091808356962
2
3D data sending : 202202091808358962
2
3D data sending : 202202091808361026
2
Infer_Result_Reception : 202202091808361026
3D data sending : 202202091808364986
6
3D data sending : 202202091808366986
6
3D data sending : 202202091808368986
6
Infer_Result_Reception : 202202091808368986
DL result received : 202202091808371026
3D data sending : 202202091808375015
5
Infer_Result_Reception : 202202091808375015
3D data sending : 202202091808379006
6
3D data sending : 202202091808381006
6
3D data sending : 202202091808383076
6
Infer_Result_Reception : 202202091808383076
3D data sending : 202202091808387037
6
3D data sending : 202202091808390107
7
3D data sending : 202202091808392115
90107
3D data sending : 202202091808394105
5
3D data sending : 202202091808396105
5
3D data sending : 202202091808398105
5
05
3D data sending : 202202091808400180
5
3D data sending : 202202091808402130
0
3D data sending : 202202091808404175
0
Infer_Result_Reception : 202202091808404175
3D data sending : 202202091808408130
0
DL result received : 202202091808408130
DL result received : 202202091808411075
75
Infer_Result_Reception : 202202091808413090
3D data sending : 202202091808417065
0
3D data sending : 202202091808419095
5
65
3D data sending : 202202091808421070
5
3D data sending : 202202091808423075
0
Connexion au serveur :
3D data sending : 202202091809503099
9
83
3D data sending : 202202091809569086
69086
DL result received : 202202091810029087
87
Infer_Result_Reception : 202202091810047097
Infer_Result_Reception : 202202091810127108
DL result received : 202202091810175119
19
3D data sending : 202202091810229124
4
24
3D data sending : 202202091810269146
6
46
3D data sending : 202202091810287304
87304
Connexion au serveur :
3D data sending : 202202091815057807
7
92
Infer_Result_Reception : 202202091815109792
3D data sending : 202202091815195804
95804
Infer_Result_Reception : 202202091815205804
Connexion au serveur :
Connexion au serveur :
DL result received : 202202091840028711
11
DL result received : 202202091840044716
12
Infer_Result_Reception : 202202091840162741
DL result received : 202202091840166751
51
3D data sending : 202202091840278770
0
70
DL result received : 202202091840310790
70
DL result received : 202202091840366789
89
DL result received : 202202091840438963
63
DL result received : 202202091840547084
73
3D data sending : 202202091841021250
21250
DL result received : 202202091841051290
90
DL result received : 202202091841093366
66
DL result received : 202202091841159438
38
DL result received : 202202091841223418
18
Infer_Result_Reception : 202202091841305567
DL result received : 202202091841427851
51
Infer_Result_Reception : 202202091841457861
3D data sending : 202202091841505892
55957
DL result received : 202202091842038089
89
DL result received : 202202091842050089
89
3D data sending : 202202091842146162
2
62
3D data sending : 202202091842214174
14174
DL result received : 202202091842270194
94
DL result received : 202202091842286184
84
DL result received : 202202091842388262
05
3D data sending : 202202091842454236
54236
DL result received : 202202091842466259
72
3D data sending : 202202091842530281
72295
DL result received : 202202091842584308
08
Infer_Result_Reception : 202202091843044306
3D data sending : 202202091843142346
42346
3D data sending : 202202091843202365
02365
DL result received : 202202091843220374
74
Infer_Result_Reception : 202202091843292388
DL result received : 202202091843352414
14
DL result received : 202202091843394406
06
DL result received : 202202091843502433
33
DL result received : 202202091843558456
56
DL result received : 202202091844008472
72
DL result received : 202202091844030483
87
Infer_Result_Reception : 202202091844132502
Infer_Result_Reception : 202202091844140512
DL result received : 202202091844242535
35
DL result received : 202202091844304555
41
DL result received : 202202091844358564
64
DL result received : 202202091844370564
84
3D data sending : 202202091844474599
9
99
Infer_Result_Reception : 202202091844524612
DL result received : 202202091844578614
14
3D data sending : 202202091845002621
02621
DL result received : 202202091845104661
61
DL result received : 202202091845142919
19
DL result received : 202202091845178920
20
3D data sending : 202202091845258929
9
29
3D data sending : 202202091845320960
42950
DL result received : 202202091845382981
55
Infer_Result_Reception : 202202091845462997
DL result received : 202202091845476977
92
Connexion au serveur :
Connexion au serveur :
Connexion au serveur :
Connexion au serveur :
Connexion au serveur :
Connexion au serveur :
DL result received : 202202092136540952
39
DL result received : 202202092136546977
98
3D data sending : 202202092137047000
47000
3D data sending : 202202092137103022
03022
3D data sending : 202202092137169041
1
41
Infer_Result_Reception : 202202092137181044
Infer_Result_Reception : 202202092137224260
DL result received : 202202092137284259
59
Connexion au serveur ---:
Connexion au serveur ---:
Connexion au serveur ---:
Connexion au serveur ---:
